app/build/intermediates/manifest_merge_blame_file/debug/processDebugMainManifest/manifest-merger-blame-debug-report.txt
1<?xml version="1.0" encoding="utf-8"?>
2<manifest xmlns:android="http://schemas.android.com/apk/res/android"
3    package="sngine.app.webview"
4    android:installLocation="auto"
5    android:versionCode="10"
6    android:versionName="10" >
7
8    <uses-sdk
9        android:minSdkVersion="21"
10        android:targetSdkVersion="34" />
11
12    <supports-screens
12-->src\main\AndroidManifest.xml:7:5-13:40
13        android:anyDensity="true"
13-->src\main\AndroidManifest.xml:8:9-34
14        android:largeScreens="true"
14-->src\main\AndroidManifest.xml:9:9-36
15        android:normalScreens="true"
15-->src\main\AndroidManifest.xml:10:9-37
16        android:resizeable="true"
16-->src\main\AndroidManifest.xml:11:9-34
17        android:smallScreens="true"
17-->src\main\AndroidManifest.xml:12:9-36
18        android:xlargeScreens="true" />
18-->src\main\AndroidManifest.xml:13:9-37
19
20    <uses-permission android:name="android.permission.INTERNET" />
20-->src\main\AndroidManifest.xml:15:5-67
20-->src\main\AndroidManifest.xml:15:22-64
21    <uses-permission android:name="android.permission.ACCESS_NETWORK_STATE" />
21-->src\main\AndroidManifest.xml:16:5-79
21-->src\main\AndroidManifest.xml:16:22-76
22    <uses-permission android:name="android.permission.ACCESS_WIFI_STATE" />
22-->src\main\AndroidManifest.xml:17:5-76
22-->src\main\AndroidManifest.xml:17:22-73
23    <uses-permission android:name="android.permission.POST_NOTIFICATIONS" />
23-->src\main\AndroidManifest.xml:18:2-74
23-->src\main\AndroidManifest.xml:18:19-71
24    <uses-permission android:name="android.permission.WRITE_EXTERNAL_STORAGE" />
24-->src\main\AndroidManifest.xml:19:5-21:48
24-->src\main\AndroidManifest.xml:20:9-65
25    <uses-permission android:name="android.permission.READ_EXTERNAL_STORAGE" />
25-->src\main\AndroidManifest.xml:22:2-77
25-->src\main\AndroidManifest.xml:22:19-74
26    <uses-permission android:name="android.permission.CAMERA" />
26-->src\main\AndroidManifest.xml:23:2-62
26-->src\main\AndroidManifest.xml:23:19-59
27    <uses-permission android:name="android.permission.RECORD_AUDIO" />
27-->src\main\AndroidManifest.xml:24:5-71
27-->src\main\AndroidManifest.xml:24:22-68
28    <uses-permission android:name="android.permission.MODIFY_AUDIO_SETTINGS" />
28-->src\main\AndroidManifest.xml:25:5-80
28-->src\main\AndroidManifest.xml:25:22-77
29    <uses-permission android:name="android.permission.VIBRATE" />
29-->src\main\AndroidManifest.xml:27:1-62
29-->src\main\AndroidManifest.xml:27:18-59
30
31    <queries>
31-->src\main\AndroidManifest.xml:29:5-33:15
32        <intent>
32-->src\main\AndroidManifest.xml:30:9-32:18
33            <action android:name="android.media.action.IMAGE_CAPTURE" />
33-->src\main\AndroidManifest.xml:31:13-73
33-->src\main\AndroidManifest.xml:31:21-70
34        </intent>
35    </queries>
36
37    <uses-feature android:name="android.hardware.camera" />
37-->src\main\AndroidManifest.xml:35:5-60
37-->src\main\AndroidManifest.xml:35:19-57
38    <uses-feature android:name="android.hardware.camera.autofocus" />
38-->src\main\AndroidManifest.xml:36:5-70
38-->src\main\AndroidManifest.xml:36:19-67
39    <uses-feature android:name="android.hardware.microphone" />
39-->src\main\AndroidManifest.xml:37:5-64
39-->src\main\AndroidManifest.xml:37:19-61
40    <uses-feature android:name="android.hardware.location.gps" />
40-->src\main\AndroidManifest.xml:39:5-66
40-->src\main\AndroidManifest.xml:39:19-63
41    <uses-feature
41-->src\main\AndroidManifest.xml:40:5-42:36
42        android:name="android.hardware.touchscreen"
42-->src\main\AndroidManifest.xml:41:9-52
43        android:required="false" />
43-->src\main\AndroidManifest.xml:42:9-33
44
45    <permission
45-->[androidx.core:core:1.9.0] AndroidManifest.xml:22:5-24:47
46        android:name="sngine.app.webview.DYNAMIC_RECEIVER_NOT_EXPORTED_PERMISSION"
46-->[androidx.core:core:1.9.0] AndroidManifest.xml:23:9-81
47        android:protectionLevel="signature" />
47-->[androidx.core:core:1.9.0] AndroidManifest.xml:24:9-44
48
49    <uses-permission android:name="sngine.app.webview.DYNAMIC_RECEIVER_NOT_EXPORTED_PERMISSION" />
49-->[androidx.core:core:1.9.0] AndroidManifest.xml:26:5-97
49-->[androidx.core:core:1.9.0] AndroidManifest.xml:26:22-94
50
51    <application
51-->src\main\AndroidManifest.xml:44:5-88:19
52        android:allowBackup="true"
52-->src\main\AndroidManifest.xml:46:9-35
53        android:appComponentFactory="androidx.core.app.CoreComponentFactory"
53-->[androidx.core:core:1.9.0] AndroidManifest.xml:28:18-86
54        android:debuggable="true"
55        android:extractNativeLibs="true"
56        android:hardwareAccelerated="true"
56-->src\main\AndroidManifest.xml:47:9-43
57        android:icon="@mipmap/ic_launcher"
57-->src\main\AndroidManifest.xml:48:9-43
58        android:label="@string/app_name"
58-->src\main\AndroidManifest.xml:49:9-41
59        android:requestLegacyExternalStorage="true"
59-->src\main\AndroidManifest.xml:45:9-52
60        android:supportsRtl="true"
60-->src\main\AndroidManifest.xml:50:9-35
61        android:testOnly="true"
62        android:theme="@style/SplashTheme" >
62-->src\main\AndroidManifest.xml:51:9-43
63        <activity
63-->src\main\AndroidManifest.xml:53:9-62:20
64            android:name="sngine.app.webview.SplashScreen"
64-->src\main\AndroidManifest.xml:54:13-41
65            android:exported="true"
65-->src\main\AndroidManifest.xml:55:13-36
66            android:screenOrientation="fullSensor" >
66-->src\main\AndroidManifest.xml:56:13-51
67            <intent-filter>
67-->src\main\AndroidManifest.xml:58:13-61:29
68                <action android:name="android.intent.action.MAIN" />
68-->src\main\AndroidManifest.xml:59:17-69
68-->src\main\AndroidManifest.xml:59:25-66
69
70                <category android:name="android.intent.category.LAUNCHER" />
70-->src\main\AndroidManifest.xml:60:17-77
70-->src\main\AndroidManifest.xml:60:27-74
71            </intent-filter>
72        </activity>
73        <activity
73-->src\main\AndroidManifest.xml:63:9-73:20
74            android:name="sngine.app.webview.MainActivity"
74-->src\main\AndroidManifest.xml:64:13-41
75            android:exported="true"
75-->src\main\AndroidManifest.xml:65:13-36
76            android:screenOrientation="fullSensor" >
76-->src\main\AndroidManifest.xml:66:13-51
77            <intent-filter android:label="@string/app_name" >
77-->src\main\AndroidManifest.xml:67:13-72:29
77-->src\main\AndroidManifest.xml:67:28-60
78                <action android:name="android.intent.action.VIEW" />
78-->src\main\AndroidManifest.xml:69:17-69
78-->src\main\AndroidManifest.xml:69:25-66
79
80                <category android:name="android.intent.category.DEFAULT" />
80-->src\main\AndroidManifest.xml:70:17-76
80-->src\main\AndroidManifest.xml:70:27-73
81                <category android:name="android.intent.category.BROWSABLE" />
81-->src\main\AndroidManifest.xml:71:17-78
81-->src\main\AndroidManifest.xml:71:27-75
82            </intent-filter>
83        </activity>
84
85        <provider
86            android:name="androidx.core.content.FileProvider"
86-->src\main\AndroidManifest.xml:76:13-62
87            android:authorities="sngine.app.webview.provider"
87-->src\main\AndroidManifest.xml:77:13-60
88            android:exported="false"
88-->src\main\AndroidManifest.xml:78:13-37
89            android:grantUriPermissions="true" >
89-->src\main\AndroidManifest.xml:79:13-47
90            <meta-data
90-->src\main\AndroidManifest.xml:80:13-82:58
91                android:name="android.support.FILE_PROVIDER_PATHS"
91-->src\main\AndroidManifest.xml:81:17-67
92                android:resource="@xml/provider_paths" />
92-->src\main\AndroidManifest.xml:82:17-55
93        </provider>
94
95        <meta-data
95-->src\main\AndroidManifest.xml:85:9-87:69
96            android:name="com.google.android.gms.version"
96-->src\main\AndroidManifest.xml:86:13-58
97            android:value="@integer/google_play_services_version" />
97-->src\main\AndroidManifest.xml:87:13-66
98
99        <activity
99-->[com.google.android.gms:play-services-auth:21.0.0] AndroidManifest.xml:23:9-27:75
100            android:name="com.google.android.gms.auth.api.signin.internal.SignInHubActivity"
100-->[com.google.android.gms:play-services-auth:21.0.0] AndroidManifest.xml:24:13-93
101            android:excludeFromRecents="true"
101-->[com.google.android.gms:play-services-auth:21.0.0] AndroidManifest.xml:25:13-46
102            android:exported="false"
102-->[com.google.android.gms:play-services-auth:21.0.0] AndroidManifest.xml:26:13-37
103            android:theme="@android:style/Theme.Translucent.NoTitleBar" />
103-->[com.google.android.gms:play-services-auth:21.0.0] AndroidManifest.xml:27:13-72
104        <!--
105            Service handling Google Sign-In user revocation. For apps that do not integrate with
106            Google Sign-In, this service will never be started.
107        -->
108        <service
108-->[com.google.android.gms:play-services-auth:21.0.0] AndroidManifest.xml:33:9-37:51
109            android:name="com.google.android.gms.auth.api.signin.RevocationBoundService"
109-->[com.google.android.gms:play-services-auth:21.0.0] AndroidManifest.xml:34:13-89
110            android:exported="true"
110-->[com.google.android.gms:play-services-auth:21.0.0] AndroidManifest.xml:35:13-36
111            android:permission="com.google.android.gms.auth.api.signin.permission.REVOCATION_NOTIFICATION"
111-->[com.google.android.gms:play-services-auth:21.0.0] AndroidManifest.xml:36:13-107
112            android:visibleToInstantApps="true" />
112-->[com.google.android.gms:play-services-auth:21.0.0] AndroidManifest.xml:37:13-48
113
114        <activity
114-->[com.google.android.gms:play-services-base:18.3.0] AndroidManifest.xml:20:9-22:45
115            android:name="com.google.android.gms.common.api.GoogleApiActivity"
115-->[com.google.android.gms:play-services-base:18.3.0] AndroidManifest.xml:20:19-85
116            android:exported="false"
116-->[com.google.android.gms:play-services-base:18.3.0] AndroidManifest.xml:22:19-43
117            android:theme="@android:style/Theme.Translucent.NoTitleBar" />
117-->[com.google.android.gms:play-services-base:18.3.0] AndroidManifest.xml:21:19-78
118
119        <provider
119-->[androidx.emoji2:emoji2:1.2.0] AndroidManifest.xml:24:9-32:20
120            android:name="androidx.startup.InitializationProvider"
120-->[androidx.emoji2:emoji2:1.2.0] AndroidManifest.xml:25:13-67
121            android:authorities="sngine.app.webview.androidx-startup"
121-->[androidx.emoji2:emoji2:1.2.0] AndroidManifest.xml:26:13-68
122            android:exported="false" >
122-->[androidx.emoji2:emoji2:1.2.0] AndroidManifest.xml:27:13-37
123            <meta-data
123-->[androidx.emoji2:emoji2:1.2.0] AndroidManifest.xml:29:13-31:52
124                android:name="androidx.emoji2.text.EmojiCompatInitializer"
124-->[androidx.emoji2:emoji2:1.2.0] AndroidManifest.xml:30:17-75
125                android:value="androidx.startup" />
125-->[androidx.emoji2:emoji2:1.2.0] AndroidManifest.xml:31:17-49
126            <meta-data
126-->[androidx.lifecycle:lifecycle-process:2.4.1] AndroidManifest.xml:31:13-33:52
127                android:name="androidx.lifecycle.ProcessLifecycleInitializer"
127-->[androidx.lifecycle:lifecycle-process:2.4.1] AndroidManifest.xml:32:17-78
128                android:value="androidx.startup" />
128-->[androidx.lifecycle:lifecycle-process:2.4.1] AndroidManifest.xml:33:17-49
129        </provider>
130    </application>
131
132</manifest>